<?xml version="1.0" encoding="UTF-8"?>
<testng-results skipped="0" failed="0" ignored="0" total="1" passed="1">
  <reporter-output>
  </reporter-output>
  <suite name="Sample test Suite" duration-ms="16688" started-at="2020-05-06T04:02:38Z" finished-at="2020-05-06T04:02:54Z">
    <groups>
    </groups>
    <test name="Sample test" duration-ms="16688" started-at="2020-05-06T04:02:38Z" finished-at="2020-05-06T04:02:54Z">
      <class name="com.training.sanity.tests.LoginTests">
        <test-method status="PASS" signature="setUpBeforeClass()[pri:0, instance:com.training.sanity.tests.LoginTests@cc285f4]" name="setUpBeforeClass" is-config="true" duration-ms="27" started-at="2020-05-06T09:32:38Z" finished-at="2020-05-06T09:32:38Z">
          <reporter-output>
          </reporter-output>
        </test-method> <!-- setUpBeforeClass -->
        <test-method status="PASS" signature="setUp()[pri:0, instance:com.training.sanity.tests.LoginTests@cc285f4]" name="setUp" is-config="true" duration-ms="12554" started-at="2020-05-06T09:32:38Z" finished-at="2020-05-06T09:32:50Z">
          <reporter-output>
          </reporter-output>
        </test-method> <!-- setUp -->
        <test-method status="PASS" signature="validLoginTest()[pri:0, instance:com.training.sanity.tests.LoginTests@cc285f4]" name="validLoginTest" duration-ms="2155" started-at="2020-05-06T09:32:50Z" finished-at="2020-05-06T09:32:52Z">
          <reporter-output>
          </reporter-output>
        </test-method> <!-- validLoginTest -->
        <test-method status="PASS" signature="tearDown()[pri:0, instance:com.training.sanity.tests.LoginTests@cc285f4]" name="tearDown" is-config="true" duration-ms="1888" started-at="2020-05-06T09:32:52Z" finished-at="2020-05-06T09:32:54Z">
          <reporter-output>
          </reporter-output>
        </test-method> <!-- tearDown -->
      </class> <!-- com.training.sanity.tests.LoginTests -->
    </test> <!-- Sample test -->
  </suite> <!-- Sample test Suite -->
</testng-results>
